# JRE version: Java(TM) SE Runtime Environment (8.0_141-b15) (build 1.8.0_141-b15)
# Java VM: Java HotSpot(TM) 64-Bit Server VM (25.141-b15 mixed mode bsd-amd64 compressed oops)
Heap:
 PSYoungGen      total 609280K, used 146370K [0x000000076ab00000, 0x000000079c080000, 0x00000007c0000000)
  eden space 605184K, 23% used [0x000000076ab00000,0x0000000773634a28,0x000000078fa00000)
  from space 4096K, 93% used [0x000000079a100000,0x000000079a4bc010,0x000000079a500000)
  to   space 23040K, 0% used [0x000000079aa00000,0x000000079aa00000,0x000000079c080000)
 ParOldGen       total 175104K, used 56918K [0x00000006c0000000, 0x00000006cab00000, 0x000000076ab00000)
  object space 175104K, 32% used [0x00000006c0000000,0x00000006c3795898,0x00000006cab00000)
 Metaspace       used 17274K, capacity 17842K, committed 18048K, reserved 1064960K
  class space    used 2156K, capacity 2306K, committed 2432K, reserved 1048576K
GC Heap History (10 events):
Event: 17.961 GC heap before
{Heap before GC invocations=13 (full 0):
 PSYoungGen      total 770048K, used 769653K [0x000000076ab00000, 0x000000079f380000, 0x00000007c0000000)
  eden space 763392K, 99% used [0x000000076ab00000,0x000000079942e750,0x0000000799480000)
  from space 6656K, 98% used [0x000000079ed00000,0x000000079f36f020,0x000000079f380000)
  to   space 23552K, 0% used [0x000000079c580000,0x000000079c580000,0x000000079dc80000)
 ParOldGen       total 175104K, used 37606K [0x00000006c0000000, 0x00000006cab00000, 0x000000076ab00000)
  object space 175104K, 21% used [0x00000006c0000000,0x00000006c24b9838,0x00000006cab00000)
 Metaspace       used 17004K, capacity 17586K, committed 17792K, reserved 1064960K
  class space    used 2155K, capacity 2306K, committed 2432K, reserved 1048576K
Event: 17.965 GC heap after
Heap after GC invocations=13 (full 0):
 PSYoungGen      total 733696K, used 4880K [0x000000076ab00000, 0x000000079ed80000, 0x00000007c0000000)
  eden space 728576K, 0% used [0x000000076ab00000,0x000000076ab00000,0x0000000797280000)
  from space 5120K, 95% used [0x000000079c580000,0x000000079ca44020,0x000000079ca80000)
  to   space 24064K, 0% used [0x000000079d600000,0x000000079d600000,0x000000079ed80000)
 ParOldGen       total 175104K, used 41270K [0x00000006c0000000, 0x00000006cab00000, 0x000000076ab00000)
  object space 175104K, 23% used [0x00000006c0000000,0x00000006c284d848,0x00000006cab00000)
 Metaspace       used 17004K, capacity 17586K, committed 17792K, reserved 1064960K
  class space    used 2155K, capacity 2306K, committed 2432K, reserved 1048576K
}
Event: 19.920 GC heap before
{Heap before GC invocations=14 (full 0):
 PSYoungGen      total 733696K, used 732252K [0x000000076ab00000, 0x000000079ed80000, 0x00000007c0000000)
  eden space 728576K, 99% used [0x000000076ab00000,0x00000007971532f0,0x0000000797280000)
  from space 5120K, 95% used [0x000000079c580000,0x000000079ca44020,0x000000079ca80000)
  to   space 24064K, 0% used [0x000000079d600000,0x000000079d600000,0x000000079ed80000)
 ParOldGen       total 175104K, used 41270K [0x00000006c0000000, 0x00000006cab00000, 0x000000076ab00000)
  object space 175104K, 23% used [0x00000006c0000000,0x00000006c284d848,0x00000006cab00000)
 Metaspace       used 17116K, capacity 17714K, committed 18048K, reserved 1064960K
  class space    used 2155K, capacity 2306K, committed 2432K, reserved 1048576K
Event: 19.923 GC heap after
Heap after GC invocations=14 (full 0):
 PSYoungGen      total 702976K, used 7612K [0x000000076ab00000, 0x000000079dd80000, 0x00000007c0000000)
  eden space 695296K, 0% used [0x000000076ab00000,0x000000076ab00000,0x0000000795200000)
  from space 7680K, 99% used [0x000000079d600000,0x000000079dd6f030,0x000000079dd80000)
  to   space 23552K, 0% used [0x000000079af80000,0x000000079af80000,0x000000079c680000)
 ParOldGen       total 175104K, used 44942K [0x00000006c0000000, 0x00000006cab00000, 0x000000076ab00000)
  object space 175104K, 25% used [0x00000006c0000000,0x00000006c2be3858,0x00000006cab00000)
 Metaspace       used 17116K, capacity 17714K, committed 18048K, reserved 1064960K
  class space    used 2155K, capacity 2306K, committed 2432K, reserved 1048576K
}
Event: 26.018 GC heap before
{Heap before GC invocations=15 (full 0):
 PSYoungGen      total 702976K, used 702722K [0x000000076ab00000, 0x000000079dd80000, 0x00000007c0000000)
  eden space 695296K, 99% used [0x000000076ab00000,0x00000007951d1a30,0x0000000795200000)
  from space 7680K, 99% used [0x000000079d600000,0x000000079dd6f030,0x000000079dd80000)
  to   space 23552K, 0% used [0x000000079af80000,0x000000079af80000,0x000000079c680000)
 ParOldGen       total 175104K, used 44942K [0x00000006c0000000, 0x00000006cab00000, 0x000000076ab00000)
  object space 175104K, 25% used [0x00000006c0000000,0x00000006c2be3858,0x00000006cab00000)
 Metaspace       used 17147K, capacity 17714K, committed 18048K, reserved 1064960K
  class space    used 2156K, capacity 2306K, committed 2432K, reserved 1048576K
Event: 26.023 GC heap after
Heap after GC invocations=15 (full 0):
 PSYoungGen      total 671232K, used 7612K [0x000000076ab00000, 0x000000079d680000, 0x00000007c0000000)
  eden space 663552K, 0% used [0x000000076ab00000,0x000000076ab00000,0x0000000793300000)
  from space 7680K, 99% used [0x000000079af80000,0x000000079b6ef030,0x000000079b700000)
  to   space 23040K, 0% used [0x000000079c000000,0x000000079c000000,0x000000079d680000)
 ParOldGen       total 175104K, used 48598K [0x00000006c0000000, 0x00000006cab00000, 0x000000076ab00000)
  object space 175104K, 27% used [0x00000006c0000000,0x00000006c2f75868,0x00000006cab00000)
 Metaspace       used 17147K, capacity 17714K, committed 18048K, reserved 1064960K
  class space    used 2156K, capacity 2306K, committed 2432K, reserved 1048576K
}
Event: 31.770 GC heap before
{Heap before GC invocations=16 (full 0):
 PSYoungGen      total 671232K, used 669702K [0x000000076ab00000, 0x000000079d680000, 0x00000007c0000000)
  eden space 663552K, 99% used [0x000000076ab00000,0x0000000793192a00,0x0000000793300000)
  from space 7680K, 99% used [0x000000079af80000,0x000000079b6ef030,0x000000079b700000)
  to   space 23040K, 0% used [0x000000079c000000,0x000000079c000000,0x000000079d680000)
 ParOldGen       total 175104K, used 48598K [0x00000006c0000000, 0x00000006cab00000, 0x000000076ab00000)
  object space 175104K, 27% used [0x00000006c0000000,0x00000006c2f75868,0x00000006cab00000)
 Metaspace       used 17209K, capacity 17778K, committed 18048K, reserved 1064960K
  class space    used 2156K, capacity 2306K, committed 2432K, reserved 1048576K
Event: 31.773 GC heap after
Heap after GC invocations=16 (full 0):
 PSYoungGen      total 647168K, used 13012K [0x000000076ab00000, 0x000000079cd00000, 0x00000007c0000000)
  eden space 633856K, 0% used [0x000000076ab00000,0x000000076ab00000,0x0000000791600000)
  from space 13312K, 97% used [0x000000079c000000,0x000000079ccb5050,0x000000079cd00000)
  to   space 22528K, 0% used [0x000000079a100000,0x000000079a100000,0x000000079b700000)
 ParOldGen       total 175104K, used 52246K [0x00000006c0000000, 0x00000006cab00000, 0x000000076ab00000)
  object space 175104K, 29% used [0x00000006c0000000,0x00000006c3305878,0x00000006cab00000)
 Metaspace       used 17209K, capacity 17778K, committed 18048K, reserved 1064960K
  class space    used 2156K, capacity 2306K, committed 2432K, reserved 1048576K
}
Event: 34.103 GC heap before
{Heap before GC invocations=17 (full 0):
 PSYoungGen      total 647168K, used 646067K [0x000000076ab00000, 0x000000079cd00000, 0x00000007c0000000)
  eden space 633856K, 99% used [0x000000076ab00000,0x0000000791537d48,0x0000000791600000)
  from space 13312K, 97% used [0x000000079c000000,0x000000079ccb5050,0x000000079cd00000)
  to   space 22528K, 0% used [0x000000079a100000,0x000000079a100000,0x000000079b700000)
 ParOldGen       total 175104K, used 52246K [0x00000006c0000000, 0x00000006cab00000, 0x000000076ab00000)
  object space 175104K, 29% used [0x00000006c0000000,0x00000006c3305878,0x00000006cab00000)
 Metaspace       used 17259K, capacity 17842K, committed 18048K, reserved 1064960K
  class space    used 2156K, capacity 2306K, committed 2432K, reserved 1048576K
Event: 34.107 GC heap after
Heap after GC invocations=17 (full 0):
 PSYoungGen      total 609280K, used 3824K [0x000000076ab00000, 0x000000079c080000, 0x00000007c0000000)
  eden space 605184K, 0% used [0x000000076ab00000,0x000000076ab00000,0x000000078fa00000)
  from space 4096K, 93% used [0x000000079a100000,0x000000079a4bc010,0x000000079a500000)
  to   space 23040K, 0% used [0x000000079aa00000,0x000000079aa00000,0x000000079c080000)
 ParOldGen       total 175104K, used 56918K [0x00000006c0000000, 0x00000006cab00000, 0x000000076ab00000)
  object space 175104K, 32% used [0x00000006c0000000,0x00000006c3795898,0x00000006cab00000)
 Metaspace       used 17259K, capacity 17842K, committed 18048K, reserved 1064960K
  class space    used 2156K, capacity 2306K, committed 2432K, reserved 1048576K
}

